2024-11-10 20:22:15,696 [Worker-6: Loading available Gradle versions] INFO  o.e.b.c.i.u.g.PublishedGradleVersions - Gradle version information cache is out-of-date. Trying to update.
2024-11-10 20:24:38,006 [Worker-1: Loading available Gradle versions] INFO  o.e.b.c.i.u.g.PublishedGradleVersions - Gradle version information cache is up-to-date. Trying to read.
2024-11-10 20:47:09,477 [Worker-2: Loading available Gradle versions] INFO  o.e.b.c.i.u.g.PublishedGradleVersions - Gradle version information cache is up-to-date. Trying to read.
2024-11-11 18:05:20,534 [Worker-6: Loading available Gradle versions] INFO  o.e.b.c.i.u.g.PublishedGradleVersions - Gradle version information cache is up-to-date. Trying to read.
2024-11-11 18:08:15,703 [Worker-20: Loading available Gradle versions] INFO  o.e.b.c.i.u.g.PublishedGradleVersions - Gradle version information cache is up-to-date. Trying to read.
2024-11-11 18:10:20,265 [Worker-6: Loading available Gradle versions] INFO  o.e.b.c.i.u.g.PublishedGradleVersions - Gradle version information cache is up-to-date. Trying to read.
2024-11-11 18:22:24,248 [Worker-1: Importing Maven projects] INFO  o.e.m.c.i.l.LifecycleMappingFactory - Using org.eclipse.m2e.jdt.JarLifecycleMapping lifecycle mapping for MavenProject: com.tus.flight:flightservices:0.0.1-SNAPSHOT @ /home/yajanth/Downloads/CDN_flightService/flightservices/pom.xml.
2024-11-11 18:22:24,783 [Worker-1: Importing Maven projects] WARN  o.e.m.c.i.embedder.EclipseLogger - The artifact mysql:mysql-connector-java:jar:8.0.33 has been relocated to com.mysql:mysql-connector-j:jar:8.0.33: MySQL Connector/J artifacts moved to reverse-DNS compliant Maven 2+ coordinates.
2024-11-11 18:22:26,044 [Worker-1: Importing Maven projects] INFO  o.e.m.j.i.AbstractJavaProjectConfigurator - Adding source folder /flightservices/src/main/java
2024-11-11 18:22:26,048 [Worker-1: Importing Maven projects] INFO  o.e.m.j.i.AbstractJavaProjectConfigurator - Adding resource folder /flightservices/src/main/resources
2024-11-11 18:22:26,050 [Worker-1: Importing Maven projects] INFO  o.e.m.j.i.AbstractJavaProjectConfigurator - Adding resource folder /flightservices/src/main/resources
2024-11-11 18:22:26,054 [Worker-1: Importing Maven projects] INFO  o.e.m.j.i.AbstractJavaProjectConfigurator - Adding source folder /flightservices/src/test/java
2024-11-11 18:22:26,056 [Worker-1: Importing Maven projects] INFO  o.e.m.j.i.AbstractJavaProjectConfigurator - Adding resource folder /flightservices/src/test/resources
2024-11-11 18:22:26,750 [Worker-1: Importing Maven projects] INFO  o.e.m.c.i.p.ProjectConfigurationManager - Imported and configured 1 project(s) in 3 sec
2024-11-11 18:22:28,371 [Worker-24: Building] INFO  o.a.m.s.f.DefaultMavenResourcesFiltering - Copying 1 resource from src/main/resources to target/classes
2024-11-11 18:22:28,448 [Worker-24: Building] INFO  o.a.m.s.f.DefaultMavenResourcesFiltering - Copying 0 resource from src/main/resources to target/classes
2024-11-11 18:22:28,460 [Worker-24: Building] INFO  o.a.m.s.f.DefaultMavenResourcesFiltering - skip non existing resourceDirectory /home/yajanth/Downloads/CDN_flightService/flightservices/src/test/resources
2024-11-11 18:22:43,679 [Worker-24: Launching Executing clean in _home_yajanth_Downloads_CDN_flightService_flightservices] INFO  o.eclipse.m2e.core.internal.Bundles - getClasspathEntries(Bundle=org.eclipse.m2e.maven.runtime_3.9.900.20240824-1409 [296])
2024-11-11 18:22:43,681 [Worker-24: Launching Executing clean in _home_yajanth_Downloads_CDN_flightService_flightservices] INFO  o.eclipse.m2e.core.internal.Bundles - 	Entry: /home/yajanth/.p2/pool/plugins/org.eclipse.m2e.maven.runtime_3.9.900.20240824-1409
2024-11-11 18:22:43,681 [Worker-24: Launching Executing clean in _home_yajanth_Downloads_CDN_flightService_flightservices] INFO  o.eclipse.m2e.core.internal.Bundles - 	Entry: /home/yajanth/.p2/pool/plugins/org.eclipse.m2e.maven.runtime_3.9.900.20240824-1409/jars/aopalliance-1.0.jar
2024-11-11 18:22:43,682 [Worker-24: Launching Executing clean in _home_yajanth_Downloads_CDN_flightService_flightservices] INFO  o.eclipse.m2e.core.internal.Bundles - 	Entry: /home/yajanth/.p2/pool/plugins/org.eclipse.m2e.maven.runtime_3.9.900.20240824-1409/jars/guice-5.1.0.jar
2024-11-11 18:22:43,682 [Worker-24: Launching Executing clean in _home_yajanth_Downloads_CDN_flightService_flightservices] INFO  o.eclipse.m2e.core.internal.Bundles - 	Entry: /home/yajanth/.p2/pool/plugins/org.eclipse.m2e.maven.runtime_3.9.900.20240824-1409/jars/httpclient-4.5.14.jar
2024-11-11 18:22:43,682 [Worker-24: Launching Executing clean in _home_yajanth_Downloads_CDN_flightService_flightservices] INFO  o.eclipse.m2e.core.internal.Bundles - 	Entry: /home/yajanth/.p2/pool/plugins/org.eclipse.m2e.maven.runtime_3.9.900.20240824-1409/jars/httpcore-4.4.16.jar
2024-11-11 18:22:43,682 [Worker-24: Launching Executing clean in _home_yajanth_Downloads_CDN_flightService_flightservices] INFO  o.eclipse.m2e.core.internal.Bundles - 	Entry: /home/yajanth/.p2/pool/plugins/org.eclipse.m2e.maven.runtime_3.9.900.20240824-1409/jars/jansi-2.4.1.jar
2024-11-11 18:22:43,682 [Worker-24: Launching Executing clean in _home_yajanth_Downloads_CDN_flightService_flightservices] INFO  o.eclipse.m2e.core.internal.Bundles - 	Entry: /home/yajanth/.p2/pool/plugins/org.eclipse.m2e.maven.runtime_3.9.900.20240824-1409/jars/jcl-over-slf4j-1.7.36.jar
2024-11-11 18:22:43,682 [Worker-24: Launching Executing clean in _home_yajanth_Downloads_CDN_flightService_flightservices] INFO  o.eclipse.m2e.core.internal.Bundles - 	Entry: /home/yajanth/.p2/pool/plugins/org.eclipse.m2e.maven.runtime_3.9.900.20240824-1409/jars/maven-artifact-3.9.9.jar
2024-11-11 18:22:43,682 [Worker-24: Launching Executing clean in _home_yajanth_Downloads_CDN_flightService_flightservices] INFO  o.eclipse.m2e.core.internal.Bundles - 	Entry: /home/yajanth/.p2/pool/plugins/org.eclipse.m2e.maven.runtime_3.9.900.20240824-1409/jars/maven-builder-support-3.9.9.jar
2024-11-11 18:22:43,682 [Worker-24: Launching Executing clean in _home_yajanth_Downloads_CDN_flightService_flightservices] INFO  o.eclipse.m2e.core.internal.Bundles - 	Entry: /home/yajanth/.p2/pool/plugins/org.eclipse.m2e.maven.runtime_3.9.900.20240824-1409/jars/maven-compat-3.9.9.jar
2024-11-11 18:22:43,682 [Worker-24: Launching Executing clean in _home_yajanth_Downloads_CDN_flightService_flightservices] INFO  o.eclipse.m2e.core.internal.Bundles - 	Entry: /home/yajanth/.p2/pool/plugins/org.eclipse.m2e.maven.runtime_3.9.900.20240824-1409/jars/maven-core-3.9.9.jar
2024-11-11 18:22:43,683 [Worker-24: Launching Executing clean in _home_yajanth_Downloads_CDN_flightService_flightservices] INFO  o.eclipse.m2e.core.internal.Bundles - 	Entry: /home/yajanth/.p2/pool/plugins/org.eclipse.m2e.maven.runtime_3.9.900.20240824-1409/jars/maven-embedder-3.9.9.jar
2024-11-11 18:22:43,683 [Worker-24: Launching Executing clean in _home_yajanth_Downloads_CDN_flightService_flightservices] INFO  o.eclipse.m2e.core.internal.Bundles - 	Entry: /home/yajanth/.p2/pool/plugins/org.eclipse.m2e.maven.runtime_3.9.900.20240824-1409/jars/maven-model-3.9.9.jar
2024-11-11 18:22:43,683 [Worker-24: Launching Executing clean in _home_yajanth_Downloads_CDN_flightService_flightservices] INFO  o.eclipse.m2e.core.internal.Bundles - 	Entry: /home/yajanth/.p2/pool/plugins/org.eclipse.m2e.maven.runtime_3.9.900.20240824-1409/jars/maven-model-builder-3.9.9.jar
2024-11-11 18:22:43,683 [Worker-24: Launching Executing clean in _home_yajanth_Downloads_CDN_flightService_flightservices] INFO  o.eclipse.m2e.core.internal.Bundles - 	Entry: /home/yajanth/.p2/pool/plugins/org.eclipse.m2e.maven.runtime_3.9.900.20240824-1409/jars/maven-plugin-api-3.9.9.jar
2024-11-11 18:22:43,683 [Worker-24: Launching Executing clean in _home_yajanth_Downloads_CDN_flightService_flightservices] INFO  o.eclipse.m2e.core.internal.Bundles - 	Entry: /home/yajanth/.p2/pool/plugins/org.eclipse.m2e.maven.runtime_3.9.900.20240824-1409/jars/maven-repository-metadata-3.9.9.jar
2024-11-11 18:22:43,683 [Worker-24: Launching Executing clean in _home_yajanth_Downloads_CDN_flightService_flightservices] INFO  o.eclipse.m2e.core.internal.Bundles - 	Entry: /home/yajanth/.p2/pool/plugins/org.eclipse.m2e.maven.runtime_3.9.900.20240824-1409/jars/maven-resolver-api-1.9.22.jar
2024-11-11 18:22:43,683 [Worker-24: Launching Executing clean in _home_yajanth_Downloads_CDN_flightService_flightservices] INFO  o.eclipse.m2e.core.internal.Bundles - 	Entry: /home/yajanth/.p2/pool/plugins/org.eclipse.m2e.maven.runtime_3.9.900.20240824-1409/jars/maven-resolver-connector-basic-1.9.22.jar
2024-11-11 18:22:43,683 [Worker-24: Launching Executing clean in _home_yajanth_Downloads_CDN_flightService_flightservices] INFO  o.eclipse.m2e.core.internal.Bundles - 	Entry: /home/yajanth/.p2/pool/plugins/org.eclipse.m2e.maven.runtime_3.9.900.20240824-1409/jars/maven-resolver-impl-1.9.22.jar
2024-11-11 18:22:43,683 [Worker-24: Launching Executing clean in _home_yajanth_Downloads_CDN_flightService_flightservices] INFO  o.eclipse.m2e.core.internal.Bundles - 	Entry: /home/yajanth/.p2/pool/plugins/org.eclipse.m2e.maven.runtime_3.9.900.20240824-1409/jars/maven-resolver-named-locks-1.9.22.jar
2024-11-11 18:22:43,684 [Worker-24: Launching Executing clean in _home_yajanth_Downloads_CDN_flightService_flightservices] INFO  o.eclipse.m2e.core.internal.Bundles - 	Entry: /home/yajanth/.p2/pool/plugins/org.eclipse.m2e.maven.runtime_3.9.900.20240824-1409/jars/maven-resolver-provider-3.9.9.jar
2024-11-11 18:22:43,684 [Worker-24: Launching Executing clean in _home_yajanth_Downloads_CDN_flightService_flightservices] INFO  o.eclipse.m2e.core.internal.Bundles - 	Entry: /home/yajanth/.p2/pool/plugins/org.eclipse.m2e.maven.runtime_3.9.900.20240824-1409/jars/maven-resolver-spi-1.9.22.jar
2024-11-11 18:22:43,684 [Worker-24: Launching Executing clean in _home_yajanth_Downloads_CDN_flightService_flightservices] INFO  o.eclipse.m2e.core.internal.Bundles - 	Entry: /home/yajanth/.p2/pool/plugins/org.eclipse.m2e.maven.runtime_3.9.900.20240824-1409/jars/maven-resolver-transport-file-1.9.22.jar
2024-11-11 18:22:43,684 [Worker-24: Launching Executing clean in _home_yajanth_Downloads_CDN_flightService_flightservices] INFO  o.eclipse.m2e.core.internal.Bundles - 	Entry: /home/yajanth/.p2/pool/plugins/org.eclipse.m2e.maven.runtime_3.9.900.20240824-1409/jars/maven-resolver-transport-http-1.9.22.jar
2024-11-11 18:22:43,684 [Worker-24: Launching Executing clean in _home_yajanth_Downloads_CDN_flightService_flightservices] INFO  o.eclipse.m2e.core.internal.Bundles - 	Entry: /home/yajanth/.p2/pool/plugins/org.eclipse.m2e.maven.runtime_3.9.900.20240824-1409/jars/maven-resolver-transport-wagon-1.9.22.jar
2024-11-11 18:22:43,684 [Worker-24: Launching Executing clean in _home_yajanth_Downloads_CDN_flightService_flightservices] INFO  o.eclipse.m2e.core.internal.Bundles - 	Entry: /home/yajanth/.p2/pool/plugins/org.eclipse.m2e.maven.runtime_3.9.900.20240824-1409/jars/maven-resolver-util-1.9.22.jar
2024-11-11 18:22:43,684 [Worker-24: Launching Executing clean in _home_yajanth_Downloads_CDN_flightService_flightservices] INFO  o.eclipse.m2e.core.internal.Bundles - 	Entry: /home/yajanth/.p2/pool/plugins/org.eclipse.m2e.maven.runtime_3.9.900.20240824-1409/jars/maven-settings-3.9.9.jar
2024-11-11 18:22:43,684 [Worker-24: Launching Executing clean in _home_yajanth_Downloads_CDN_flightService_flightservices] INFO  o.eclipse.m2e.core.internal.Bundles - 	Entry: /home/yajanth/.p2/pool/plugins/org.eclipse.m2e.maven.runtime_3.9.900.20240824-1409/jars/maven-settings-builder-3.9.9.jar
2024-11-11 18:22:43,685 [Worker-24: Launching Executing clean in _home_yajanth_Downloads_CDN_flightService_flightservices] INFO  o.eclipse.m2e.core.internal.Bundles - 	Entry: /home/yajanth/.p2/pool/plugins/org.eclipse.m2e.maven.runtime_3.9.900.20240824-1409/jars/maven-shared-utils-3.4.2.jar
2024-11-11 18:22:43,685 [Worker-24: Launching Executing clean in _home_yajanth_Downloads_CDN_flightService_flightservices] INFO  o.eclipse.m2e.core.internal.Bundles - 	Entry: /home/yajanth/.p2/pool/plugins/org.eclipse.m2e.maven.runtime_3.9.900.20240824-1409/jars/org.eclipse.sisu.inject-0.9.0.M3.jar
2024-11-11 18:22:43,685 [Worker-24: Launching Executing clean in _home_yajanth_Downloads_CDN_flightService_flightservices] INFO  o.eclipse.m2e.core.internal.Bundles - 	Entry: /home/yajanth/.p2/pool/plugins/org.eclipse.m2e.maven.runtime_3.9.900.20240824-1409/jars/org.eclipse.sisu.plexus-0.9.0.M3.jar
2024-11-11 18:22:43,685 [Worker-24: Launching Executing clean in _home_yajanth_Downloads_CDN_flightService_flightservices] INFO  o.eclipse.m2e.core.internal.Bundles - 	Entry: /home/yajanth/.p2/pool/plugins/org.eclipse.m2e.maven.runtime_3.9.900.20240824-1409/jars/plexus-build-api-0.0.7.jar
2024-11-11 18:22:43,685 [Worker-24: Launching Executing clean in _home_yajanth_Downloads_CDN_flightService_flightservices] INFO  o.eclipse.m2e.core.internal.Bundles - 	Entry: /home/yajanth/.p2/pool/plugins/org.eclipse.m2e.maven.runtime_3.9.900.20240824-1409/jars/plexus-build-api-1.2.0.jar
2024-11-11 18:22:43,685 [Worker-24: Launching Executing clean in _home_yajanth_Downloads_CDN_flightService_flightservices] INFO  o.eclipse.m2e.core.internal.Bundles - 	Entry: /home/yajanth/.p2/pool/plugins/org.eclipse.m2e.maven.runtime_3.9.900.20240824-1409/jars/plexus-cipher-2.0.jar
2024-11-11 18:22:43,685 [Worker-24: Launching Executing clean in _home_yajanth_Downloads_CDN_flightService_flightservices] INFO  o.eclipse.m2e.core.internal.Bundles - 	Entry: /home/yajanth/.p2/pool/plugins/org.eclipse.m2e.maven.runtime_3.9.900.20240824-1409/jars/plexus-classworlds-2.8.0.jar
2024-11-11 18:22:43,685 [Worker-24: Launching Executing clean in _home_yajanth_Downloads_CDN_flightService_flightservices] INFO  o.eclipse.m2e.core.internal.Bundles - 	Entry: /home/yajanth/.p2/pool/plugins/org.eclipse.m2e.maven.runtime_3.9.900.20240824-1409/jars/plexus-component-annotations-2.1.0.jar
2024-11-11 18:22:43,686 [Worker-24: Launching Executing clean in _home_yajanth_Downloads_CDN_flightService_flightservices] INFO  o.eclipse.m2e.core.internal.Bundles - 	Entry: /home/yajanth/.p2/pool/plugins/org.eclipse.m2e.maven.runtime_3.9.900.20240824-1409/jars/plexus-interpolation-1.27.jar
2024-11-11 18:22:43,686 [Worker-24: Launching Executing clean in _home_yajanth_Downloads_CDN_flightService_flightservices] INFO  o.eclipse.m2e.core.internal.Bundles - 	Entry: /home/yajanth/.p2/pool/plugins/org.eclipse.m2e.maven.runtime_3.9.900.20240824-1409/jars/plexus-sec-dispatcher-2.0.jar
2024-11-11 18:22:43,686 [Worker-24: Launching Executing clean in _home_yajanth_Downloads_CDN_flightService_flightservices] INFO  o.eclipse.m2e.core.internal.Bundles - 	Entry: /home/yajanth/.p2/pool/plugins/org.eclipse.m2e.maven.runtime_3.9.900.20240824-1409/jars/plexus-utils-3.5.1.jar
2024-11-11 18:22:43,686 [Worker-24: Launching Executing clean in _home_yajanth_Downloads_CDN_flightService_flightservices] INFO  o.eclipse.m2e.core.internal.Bundles - 	Entry: /home/yajanth/.p2/pool/plugins/org.eclipse.m2e.maven.runtime_3.9.900.20240824-1409/jars/plexus-xml-3.0.1.jar
2024-11-11 18:22:43,686 [Worker-24: Launching Executing clean in _home_yajanth_Downloads_CDN_flightService_flightservices] INFO  o.eclipse.m2e.core.internal.Bundles - 	Entry: /home/yajanth/.p2/pool/plugins/org.eclipse.m2e.maven.runtime_3.9.900.20240824-1409/jars/wagon-file-3.5.3.jar
2024-11-11 18:22:43,686 [Worker-24: Launching Executing clean in _home_yajanth_Downloads_CDN_flightService_flightservices] INFO  o.eclipse.m2e.core.internal.Bundles - 	Entry: /home/yajanth/.p2/pool/plugins/org.eclipse.m2e.maven.runtime_3.9.900.20240824-1409/jars/wagon-http-3.5.3.jar
2024-11-11 18:22:43,686 [Worker-24: Launching Executing clean in _home_yajanth_Downloads_CDN_flightService_flightservices] INFO  o.eclipse.m2e.core.internal.Bundles - 	Entry: /home/yajanth/.p2/pool/plugins/org.eclipse.m2e.maven.runtime_3.9.900.20240824-1409/jars/wagon-http-shared-3.5.3.jar
2024-11-11 18:22:43,686 [Worker-24: Launching Executing clean in _home_yajanth_Downloads_CDN_flightService_flightservices] INFO  o.eclipse.m2e.core.internal.Bundles - 	Entry: /home/yajanth/.p2/pool/plugins/org.eclipse.m2e.maven.runtime_3.9.900.20240824-1409/jars/wagon-provider-api-3.5.3.jar
2024-11-11 18:22:43,689 [Worker-24: Launching Executing clean in _home_yajanth_Downloads_CDN_flightService_flightservices] INFO  o.eclipse.m2e.core.internal.Bundles - getClasspathEntries(Bundle=com.google.guava_33.3.0.jre [10])
2024-11-11 18:22:43,689 [Worker-24: Launching Executing clean in _home_yajanth_Downloads_CDN_flightService_flightservices] INFO  o.eclipse.m2e.core.internal.Bundles - 	Entry: /home/yajanth/.p2/pool/plugins/com.google.guava_33.3.0.jre.jar
2024-11-11 18:22:43,689 [Worker-24: Launching Executing clean in _home_yajanth_Downloads_CDN_flightService_flightservices] INFO  o.eclipse.m2e.core.internal.Bundles - getClasspathEntries(Bundle=slf4j.api_2.0.16 [517])
2024-11-11 18:22:43,689 [Worker-24: Launching Executing clean in _home_yajanth_Downloads_CDN_flightService_flightservices] INFO  o.eclipse.m2e.core.internal.Bundles - 	Entry: /home/yajanth/.p2/pool/plugins/slf4j.api_2.0.16.jar
2024-11-11 18:22:43,689 [Worker-24: Launching Executing clean in _home_yajanth_Downloads_CDN_flightService_flightservices] INFO  o.eclipse.m2e.core.internal.Bundles - getClasspathEntries(Bundle=jakarta.inject.jakarta.inject-api_1.0.5 [22])
2024-11-11 18:22:43,690 [Worker-24: Launching Executing clean in _home_yajanth_Downloads_CDN_flightService_flightservices] INFO  o.eclipse.m2e.core.internal.Bundles - 	Entry: /home/yajanth/.p2/pool/plugins/jakarta.inject.jakarta.inject-api_1.0.5.jar
2024-11-11 18:22:43,690 [Worker-24: Launching Executing clean in _home_yajanth_Downloads_CDN_flightService_flightservices] INFO  o.eclipse.m2e.core.internal.Bundles - getClasspathEntries(Bundle=jakarta.annotation-api_1.3.5 [20])
2024-11-11 18:22:43,690 [Worker-24: Launching Executing clean in _home_yajanth_Downloads_CDN_flightService_flightservices] INFO  o.eclipse.m2e.core.internal.Bundles - 	Entry: /home/yajanth/.p2/pool/plugins/jakarta.annotation-api_1.3.5.jar
2024-11-11 18:22:43,690 [Worker-24: Launching Executing clean in _home_yajanth_Downloads_CDN_flightService_flightservices] INFO  o.eclipse.m2e.core.internal.Bundles - getClasspathEntries(Bundle=org.apache.commons.cli_1.9.0 [47])
2024-11-11 18:22:43,690 [Worker-24: Launching Executing clean in _home_yajanth_Downloads_CDN_flightService_flightservices] INFO  o.eclipse.m2e.core.internal.Bundles - 	Entry: /home/yajanth/.p2/pool/plugins/org.apache.commons.cli_1.9.0.jar
2024-11-11 18:22:43,690 [Worker-24: Launching Executing clean in _home_yajanth_Downloads_CDN_flightService_flightservices] INFO  o.eclipse.m2e.core.internal.Bundles - getClasspathEntries(Bundle=org.apache.commons.commons-codec_1.16.0 [50])
2024-11-11 18:22:43,690 [Worker-24: Launching Executing clean in _home_yajanth_Downloads_CDN_flightService_flightservices] INFO  o.eclipse.m2e.core.internal.Bundles - 	Entry: /home/yajanth/.p2/pool/plugins/org.apache.commons.commons-codec_1.16.0.jar
2024-11-11 18:22:43,690 [Worker-24: Launching Executing clean in _home_yajanth_Downloads_CDN_flightService_flightservices] INFO  o.eclipse.m2e.core.internal.Bundles - getClasspathEntries(Bundle=com.google.guava.failureaccess_1.0.2 [11])
2024-11-11 18:22:43,690 [Worker-24: Launching Executing clean in _home_yajanth_Downloads_CDN_flightService_flightservices] INFO  o.eclipse.m2e.core.internal.Bundles - 	Entry: /home/yajanth/.p2/pool/plugins/com.google.guava.failureaccess_1.0.2.jar
2024-11-11 18:22:43,699 [Worker-24: Launching Executing clean in _home_yajanth_Downloads_CDN_flightService_flightservices] INFO  o.e.m.i.launch.MavenLaunchDelegate - Run build in "/home/yajanth/Downloads/CDN_flightService/flightservices":
2024-11-11 18:22:43,704 [Worker-24: Launching Executing clean in _home_yajanth_Downloads_CDN_flightService_flightservices] INFO  o.e.m.i.launch.MavenLaunchDelegate -  mvn  -B -Dstyle.color=always clean
2024-11-11 18:22:46,274 [Worker-25: Building] INFO  o.a.m.s.f.DefaultMavenResourcesFiltering - Copying 1 resource from src/main/resources to target/classes
2024-11-11 18:22:46,276 [Worker-25: Building] INFO  o.a.m.s.f.DefaultMavenResourcesFiltering - Copying 0 resource from src/main/resources to target/classes
2024-11-11 18:22:46,283 [Worker-25: Building] INFO  o.a.m.s.f.DefaultMavenResourcesFiltering - skip non existing resourceDirectory /home/yajanth/Downloads/CDN_flightService/flightservices/src/test/resources
2024-11-11 18:22:51,601 [Worker-24: Launching Executing install in _home_yajanth_Downloads_CDN_flightService_flightservices] INFO  o.eclipse.m2e.core.internal.Bundles - getClasspathEntries(Bundle=org.eclipse.m2e.maven.runtime_3.9.900.20240824-1409 [296])
2024-11-11 18:22:51,601 [Worker-24: Launching Executing install in _home_yajanth_Downloads_CDN_flightService_flightservices] INFO  o.eclipse.m2e.core.internal.Bundles - 	Entry: /home/yajanth/.p2/pool/plugins/org.eclipse.m2e.maven.runtime_3.9.900.20240824-1409
2024-11-11 18:22:51,601 [Worker-24: Launching Executing install in _home_yajanth_Downloads_CDN_flightService_flightservices] INFO  o.eclipse.m2e.core.internal.Bundles - 	Entry: /home/yajanth/.p2/pool/plugins/org.eclipse.m2e.maven.runtime_3.9.900.20240824-1409/jars/aopalliance-1.0.jar
2024-11-11 18:22:51,601 [Worker-24: Launching Executing install in _home_yajanth_Downloads_CDN_flightService_flightservices] INFO  o.eclipse.m2e.core.internal.Bundles - 	Entry: /home/yajanth/.p2/pool/plugins/org.eclipse.m2e.maven.runtime_3.9.900.20240824-1409/jars/guice-5.1.0.jar
2024-11-11 18:22:51,602 [Worker-24: Launching Executing install in _home_yajanth_Downloads_CDN_flightService_flightservices] INFO  o.eclipse.m2e.core.internal.Bundles - 	Entry: /home/yajanth/.p2/pool/plugins/org.eclipse.m2e.maven.runtime_3.9.900.20240824-1409/jars/httpclient-4.5.14.jar
2024-11-11 18:22:51,602 [Worker-24: Launching Executing install in _home_yajanth_Downloads_CDN_flightService_flightservices] INFO  o.eclipse.m2e.core.internal.Bundles - 	Entry: /home/yajanth/.p2/pool/plugins/org.eclipse.m2e.maven.runtime_3.9.900.20240824-1409/jars/httpcore-4.4.16.jar
2024-11-11 18:22:51,602 [Worker-24: Launching Executing install in _home_yajanth_Downloads_CDN_flightService_flightservices] INFO  o.eclipse.m2e.core.internal.Bundles - 	Entry: /home/yajanth/.p2/pool/plugins/org.eclipse.m2e.maven.runtime_3.9.900.20240824-1409/jars/jansi-2.4.1.jar
2024-11-11 18:22:51,602 [Worker-24: Launching Executing install in _home_yajanth_Downloads_CDN_flightService_flightservices] INFO  o.eclipse.m2e.core.internal.Bundles - 	Entry: /home/yajanth/.p2/pool/plugins/org.eclipse.m2e.maven.runtime_3.9.900.20240824-1409/jars/jcl-over-slf4j-1.7.36.jar
2024-11-11 18:22:51,602 [Worker-24: Launching Executing install in _home_yajanth_Downloads_CDN_flightService_flightservices] INFO  o.eclipse.m2e.core.internal.Bundles - 	Entry: /home/yajanth/.p2/pool/plugins/org.eclipse.m2e.maven.runtime_3.9.900.20240824-1409/jars/maven-artifact-3.9.9.jar
2024-11-11 18:22:51,602 [Worker-24: Launching Executing install in _home_yajanth_Downloads_CDN_flightService_flightservices] INFO  o.eclipse.m2e.core.internal.Bundles - 	Entry: /home/yajanth/.p2/pool/plugins/org.eclipse.m2e.maven.runtime_3.9.900.20240824-1409/jars/maven-builder-support-3.9.9.jar
2024-11-11 18:22:51,602 [Worker-24: Launching Executing install in _home_yajanth_Downloads_CDN_flightService_flightservices] INFO  o.eclipse.m2e.core.internal.Bundles - 	Entry: /home/yajanth/.p2/pool/plugins/org.eclipse.m2e.maven.runtime_3.9.900.20240824-1409/jars/maven-compat-3.9.9.jar
2024-11-11 18:22:51,602 [Worker-24: Launching Executing install in _home_yajanth_Downloads_CDN_flightService_flightservices] INFO  o.eclipse.m2e.core.internal.Bundles - 	Entry: /home/yajanth/.p2/pool/plugins/org.eclipse.m2e.maven.runtime_3.9.900.20240824-1409/jars/maven-core-3.9.9.jar
2024-11-11 18:22:51,602 [Worker-24: Launching Executing install in _home_yajanth_Downloads_CDN_flightService_flightservices] INFO  o.eclipse.m2e.core.internal.Bundles - 	Entry: /home/yajanth/.p2/pool/plugins/org.eclipse.m2e.maven.runtime_3.9.900.20240824-1409/jars/maven-embedder-3.9.9.jar
2024-11-11 18:22:51,602 [Worker-24: Launching Executing install in _home_yajanth_Downloads_CDN_flightService_flightservices] INFO  o.eclipse.m2e.core.internal.Bundles - 	Entry: /home/yajanth/.p2/pool/plugins/org.eclipse.m2e.maven.runtime_3.9.900.20240824-1409/jars/maven-model-3.9.9.jar
2024-11-11 18:22:51,602 [Worker-24: Launching Executing install in _home_yajanth_Downloads_CDN_flightService_flightservices] INFO  o.eclipse.m2e.core.internal.Bundles - 	Entry: /home/yajanth/.p2/pool/plugins/org.eclipse.m2e.maven.runtime_3.9.900.20240824-1409/jars/maven-model-builder-3.9.9.jar
2024-11-11 18:22:51,602 [Worker-24: Launching Executing install in _home_yajanth_Downloads_CDN_flightService_flightservices] INFO  o.eclipse.m2e.core.internal.Bundles - 	Entry: /home/yajanth/.p2/pool/plugins/org.eclipse.m2e.maven.runtime_3.9.900.20240824-1409/jars/maven-plugin-api-3.9.9.jar
2024-11-11 18:22:51,602 [Worker-24: Launching Executing install in _home_yajanth_Downloads_CDN_flightService_flightservices] INFO  o.eclipse.m2e.core.internal.Bundles - 	Entry: /home/yajanth/.p2/pool/plugins/org.eclipse.m2e.maven.runtime_3.9.900.20240824-1409/jars/maven-repository-metadata-3.9.9.jar
2024-11-11 18:22:51,602 [Worker-24: Launching Executing install in _home_yajanth_Downloads_CDN_flightService_flightservices] INFO  o.eclipse.m2e.core.internal.Bundles - 	Entry: /home/yajanth/.p2/pool/plugins/org.eclipse.m2e.maven.runtime_3.9.900.20240824-1409/jars/maven-resolver-api-1.9.22.jar
2024-11-11 18:22:51,603 [Worker-24: Launching Executing install in _home_yajanth_Downloads_CDN_flightService_flightservices] INFO  o.eclipse.m2e.core.internal.Bundles - 	Entry: /home/yajanth/.p2/pool/plugins/org.eclipse.m2e.maven.runtime_3.9.900.20240824-1409/jars/maven-resolver-connector-basic-1.9.22.jar
2024-11-11 18:22:51,603 [Worker-24: Launching Executing install in _home_yajanth_Downloads_CDN_flightService_flightservices] INFO  o.eclipse.m2e.core.internal.Bundles - 	Entry: /home/yajanth/.p2/pool/plugins/org.eclipse.m2e.maven.runtime_3.9.900.20240824-1409/jars/maven-resolver-impl-1.9.22.jar
2024-11-11 18:22:51,603 [Worker-24: Launching Executing install in _home_yajanth_Downloads_CDN_flightService_flightservices] INFO  o.eclipse.m2e.core.internal.Bundles - 	Entry: /home/yajanth/.p2/pool/plugins/org.eclipse.m2e.maven.runtime_3.9.900.20240824-1409/jars/maven-resolver-named-locks-1.9.22.jar
2024-11-11 18:22:51,603 [Worker-24: Launching Executing install in _home_yajanth_Downloads_CDN_flightService_flightservices] INFO  o.eclipse.m2e.core.internal.Bundles - 	Entry: /home/yajanth/.p2/pool/plugins/org.eclipse.m2e.maven.runtime_3.9.900.20240824-1409/jars/maven-resolver-provider-3.9.9.jar
2024-11-11 18:22:51,603 [Worker-24: Launching Executing install in _home_yajanth_Downloads_CDN_flightService_flightservices] INFO  o.eclipse.m2e.core.internal.Bundles - 	Entry: /home/yajanth/.p2/pool/plugins/org.eclipse.m2e.maven.runtime_3.9.900.20240824-1409/jars/maven-resolver-spi-1.9.22.jar
2024-11-11 18:22:51,603 [Worker-24: Launching Executing install in _home_yajanth_Downloads_CDN_flightService_flightservices] INFO  o.eclipse.m2e.core.internal.Bundles - 	Entry: /home/yajanth/.p2/pool/plugins/org.eclipse.m2e.maven.runtime_3.9.900.20240824-1409/jars/maven-resolver-transport-file-1.9.22.jar
2024-11-11 18:22:51,603 [Worker-24: Launching Executing install in _home_yajanth_Downloads_CDN_flightService_flightservices] INFO  o.eclipse.m2e.core.internal.Bundles - 	Entry: /home/yajanth/.p2/pool/plugins/org.eclipse.m2e.maven.runtime_3.9.900.20240824-1409/jars/maven-resolver-transport-http-1.9.22.jar
2024-11-11 18:22:51,603 [Worker-24: Launching Executing install in _home_yajanth_Downloads_CDN_flightService_flightservices] INFO  o.eclipse.m2e.core.internal.Bundles - 	Entry: /home/yajanth/.p2/pool/plugins/org.eclipse.m2e.maven.runtime_3.9.900.20240824-1409/jars/maven-resolver-transport-wagon-1.9.22.jar
2024-11-11 18:22:51,603 [Worker-24: Launching Executing install in _home_yajanth_Downloads_CDN_flightService_flightservices] INFO  o.eclipse.m2e.core.internal.Bundles - 	Entry: /home/yajanth/.p2/pool/plugins/org.eclipse.m2e.maven.runtime_3.9.900.20240824-1409/jars/maven-resolver-util-1.9.22.jar
2024-11-11 18:22:51,603 [Worker-24: Launching Executing install in _home_yajanth_Downloads_CDN_flightService_flightservices] INFO  o.eclipse.m2e.core.internal.Bundles - 	Entry: /home/yajanth/.p2/pool/plugins/org.eclipse.m2e.maven.runtime_3.9.900.20240824-1409/jars/maven-settings-3.9.9.jar
2024-11-11 18:22:51,604 [Worker-24: Launching Executing install in _home_yajanth_Downloads_CDN_flightService_flightservices] INFO  o.eclipse.m2e.core.internal.Bundles - 	Entry: /home/yajanth/.p2/pool/plugins/org.eclipse.m2e.maven.runtime_3.9.900.20240824-1409/jars/maven-settings-builder-3.9.9.jar
2024-11-11 18:22:51,604 [Worker-24: Launching Executing install in _home_yajanth_Downloads_CDN_flightService_flightservices] INFO  o.eclipse.m2e.core.internal.Bundles - 	Entry: /home/yajanth/.p2/pool/plugins/org.eclipse.m2e.maven.runtime_3.9.900.20240824-1409/jars/maven-shared-utils-3.4.2.jar
2024-11-11 18:22:51,604 [Worker-24: Launching Executing install in _home_yajanth_Downloads_CDN_flightService_flightservices] INFO  o.eclipse.m2e.core.internal.Bundles - 	Entry: /home/yajanth/.p2/pool/plugins/org.eclipse.m2e.maven.runtime_3.9.900.20240824-1409/jars/org.eclipse.sisu.inject-0.9.0.M3.jar
2024-11-11 18:22:51,604 [Worker-24: Launching Executing install in _home_yajanth_Downloads_CDN_flightService_flightservices] INFO  o.eclipse.m2e.core.internal.Bundles - 	Entry: /home/yajanth/.p2/pool/plugins/org.eclipse.m2e.maven.runtime_3.9.900.20240824-1409/jars/org.eclipse.sisu.plexus-0.9.0.M3.jar
2024-11-11 18:22:51,604 [Worker-24: Launching Executing install in _home_yajanth_Downloads_CDN_flightService_flightservices] INFO  o.eclipse.m2e.core.internal.Bundles - 	Entry: /home/yajanth/.p2/pool/plugins/org.eclipse.m2e.maven.runtime_3.9.900.20240824-1409/jars/plexus-build-api-0.0.7.jar
2024-11-11 18:22:51,604 [Worker-24: Launching Executing install in _home_yajanth_Downloads_CDN_flightService_flightservices] INFO  o.eclipse.m2e.core.internal.Bundles - 	Entry: /home/yajanth/.p2/pool/plugins/org.eclipse.m2e.maven.runtime_3.9.900.20240824-1409/jars/plexus-build-api-1.2.0.jar
2024-11-11 18:22:51,604 [Worker-24: Launching Executing install in _home_yajanth_Downloads_CDN_flightService_flightservices] INFO  o.eclipse.m2e.core.internal.Bundles - 	Entry: /home/yajanth/.p2/pool/plugins/org.eclipse.m2e.maven.runtime_3.9.900.20240824-1409/jars/plexus-cipher-2.0.jar
2024-11-11 18:22:51,604 [Worker-24: Launching Executing install in _home_yajanth_Downloads_CDN_flightService_flightservices] INFO  o.eclipse.m2e.core.internal.Bundles - 	Entry: /home/yajanth/.p2/pool/plugins/org.eclipse.m2e.maven.runtime_3.9.900.20240824-1409/jars/plexus-classworlds-2.8.0.jar
2024-11-11 18:22:51,604 [Worker-24: Launching Executing install in _home_yajanth_Downloads_CDN_flightService_flightservices] INFO  o.eclipse.m2e.core.internal.Bundles - 	Entry: /home/yajanth/.p2/pool/plugins/org.eclipse.m2e.maven.runtime_3.9.900.20240824-1409/jars/plexus-component-annotations-2.1.0.jar
2024-11-11 18:22:51,604 [Worker-24: Launching Executing install in _home_yajanth_Downloads_CDN_flightService_flightservices] INFO  o.eclipse.m2e.core.internal.Bundles - 	Entry: /home/yajanth/.p2/pool/plugins/org.eclipse.m2e.maven.runtime_3.9.900.20240824-1409/jars/plexus-interpolation-1.27.jar
2024-11-11 18:22:51,604 [Worker-24: Launching Executing install in _home_yajanth_Downloads_CDN_flightService_flightservices] INFO  o.eclipse.m2e.core.internal.Bundles - 	Entry: /home/yajanth/.p2/pool/plugins/org.eclipse.m2e.maven.runtime_3.9.900.20240824-1409/jars/plexus-sec-dispatcher-2.0.jar
2024-11-11 18:22:51,604 [Worker-24: Launching Executing install in _home_yajanth_Downloads_CDN_flightService_flightservices] INFO  o.eclipse.m2e.core.internal.Bundles - 	Entry: /home/yajanth/.p2/pool/plugins/org.eclipse.m2e.maven.runtime_3.9.900.20240824-1409/jars/plexus-utils-3.5.1.jar
2024-11-11 18:22:51,604 [Worker-24: Launching Executing install in _home_yajanth_Downloads_CDN_flightService_flightservices] INFO  o.eclipse.m2e.core.internal.Bundles - 	Entry: /home/yajanth/.p2/pool/plugins/org.eclipse.m2e.maven.runtime_3.9.900.20240824-1409/jars/plexus-xml-3.0.1.jar
2024-11-11 18:22:51,605 [Worker-24: Launching Executing install in _home_yajanth_Downloads_CDN_flightService_flightservices] INFO  o.eclipse.m2e.core.internal.Bundles - 	Entry: /home/yajanth/.p2/pool/plugins/org.eclipse.m2e.maven.runtime_3.9.900.20240824-1409/jars/wagon-file-3.5.3.jar
2024-11-11 18:22:51,605 [Worker-24: Launching Executing install in _home_yajanth_Downloads_CDN_flightService_flightservices] INFO  o.eclipse.m2e.core.internal.Bundles - 	Entry: /home/yajanth/.p2/pool/plugins/org.eclipse.m2e.maven.runtime_3.9.900.20240824-1409/jars/wagon-http-3.5.3.jar
2024-11-11 18:22:51,605 [Worker-24: Launching Executing install in _home_yajanth_Downloads_CDN_flightService_flightservices] INFO  o.eclipse.m2e.core.internal.Bundles - 	Entry: /home/yajanth/.p2/pool/plugins/org.eclipse.m2e.maven.runtime_3.9.900.20240824-1409/jars/wagon-http-shared-3.5.3.jar
2024-11-11 18:22:51,605 [Worker-24: Launching Executing install in _home_yajanth_Downloads_CDN_flightService_flightservices] INFO  o.eclipse.m2e.core.internal.Bundles - 	Entry: /home/yajanth/.p2/pool/plugins/org.eclipse.m2e.maven.runtime_3.9.900.20240824-1409/jars/wagon-provider-api-3.5.3.jar
2024-11-11 18:22:51,605 [Worker-24: Launching Executing install in _home_yajanth_Downloads_CDN_flightService_flightservices] INFO  o.eclipse.m2e.core.internal.Bundles - getClasspathEntries(Bundle=com.google.guava_33.3.0.jre [10])
2024-11-11 18:22:51,605 [Worker-24: Launching Executing install in _home_yajanth_Downloads_CDN_flightService_flightservices] INFO  o.eclipse.m2e.core.internal.Bundles - 	Entry: /home/yajanth/.p2/pool/plugins/com.google.guava_33.3.0.jre.jar
2024-11-11 18:22:51,605 [Worker-24: Launching Executing install in _home_yajanth_Downloads_CDN_flightService_flightservices] INFO  o.eclipse.m2e.core.internal.Bundles - getClasspathEntries(Bundle=slf4j.api_2.0.16 [517])
2024-11-11 18:22:51,605 [Worker-24: Launching Executing install in _home_yajanth_Downloads_CDN_flightService_flightservices] INFO  o.eclipse.m2e.core.internal.Bundles - 	Entry: /home/yajanth/.p2/pool/plugins/slf4j.api_2.0.16.jar
2024-11-11 18:22:51,605 [Worker-24: Launching Executing install in _home_yajanth_Downloads_CDN_flightService_flightservices] INFO  o.eclipse.m2e.core.internal.Bundles - getClasspathEntries(Bundle=jakarta.inject.jakarta.inject-api_1.0.5 [22])
2024-11-11 18:22:51,606 [Worker-24: Launching Executing install in _home_yajanth_Downloads_CDN_flightService_flightservices] INFO  o.eclipse.m2e.core.internal.Bundles - 	Entry: /home/yajanth/.p2/pool/plugins/jakarta.inject.jakarta.inject-api_1.0.5.jar
2024-11-11 18:22:51,606 [Worker-24: Launching Executing install in _home_yajanth_Downloads_CDN_flightService_flightservices] INFO  o.eclipse.m2e.core.internal.Bundles - getClasspathEntries(Bundle=jakarta.annotation-api_1.3.5 [20])
2024-11-11 18:22:51,606 [Worker-24: Launching Executing install in _home_yajanth_Downloads_CDN_flightService_flightservices] INFO  o.eclipse.m2e.core.internal.Bundles - 	Entry: /home/yajanth/.p2/pool/plugins/jakarta.annotation-api_1.3.5.jar
2024-11-11 18:22:51,606 [Worker-24: Launching Executing install in _home_yajanth_Downloads_CDN_flightService_flightservices] INFO  o.eclipse.m2e.core.internal.Bundles - getClasspathEntries(Bundle=org.apache.commons.cli_1.9.0 [47])
2024-11-11 18:22:51,606 [Worker-24: Launching Executing install in _home_yajanth_Downloads_CDN_flightService_flightservices] INFO  o.eclipse.m2e.core.internal.Bundles - 	Entry: /home/yajanth/.p2/pool/plugins/org.apache.commons.cli_1.9.0.jar
2024-11-11 18:22:51,606 [Worker-24: Launching Executing install in _home_yajanth_Downloads_CDN_flightService_flightservices] INFO  o.eclipse.m2e.core.internal.Bundles - getClasspathEntries(Bundle=org.apache.commons.commons-codec_1.16.0 [50])
2024-11-11 18:22:51,606 [Worker-24: Launching Executing install in _home_yajanth_Downloads_CDN_flightService_flightservices] INFO  o.eclipse.m2e.core.internal.Bundles - 	Entry: /home/yajanth/.p2/pool/plugins/org.apache.commons.commons-codec_1.16.0.jar
2024-11-11 18:22:51,606 [Worker-24: Launching Executing install in _home_yajanth_Downloads_CDN_flightService_flightservices] INFO  o.eclipse.m2e.core.internal.Bundles - getClasspathEntries(Bundle=com.google.guava.failureaccess_1.0.2 [11])
2024-11-11 18:22:51,606 [Worker-24: Launching Executing install in _home_yajanth_Downloads_CDN_flightService_flightservices] INFO  o.eclipse.m2e.core.internal.Bundles - 	Entry: /home/yajanth/.p2/pool/plugins/com.google.guava.failureaccess_1.0.2.jar
2024-11-11 18:22:51,607 [Worker-24: Launching Executing install in _home_yajanth_Downloads_CDN_flightService_flightservices] INFO  o.e.m.i.launch.MavenLaunchDelegate - Run build in "/home/yajanth/Downloads/CDN_flightService/flightservices":
2024-11-11 18:22:51,607 [Worker-24: Launching Executing install in _home_yajanth_Downloads_CDN_flightService_flightservices] INFO  o.e.m.i.launch.MavenLaunchDelegate -  mvn  -B -Dstyle.color=always install
2024-11-11 18:23:10,804 [main] INFO  o.e.m2e.actions.ExecutePomAction - Creating new launch configuration
2024-11-11 18:23:16,884 [Worker-21: Launching flightservices] INFO  o.eclipse.m2e.core.internal.Bundles - getClasspathEntries(Bundle=org.eclipse.m2e.maven.runtime_3.9.900.20240824-1409 [296])
2024-11-11 18:23:16,884 [Worker-21: Launching flightservices] INFO  o.eclipse.m2e.core.internal.Bundles - 	Entry: /home/yajanth/.p2/pool/plugins/org.eclipse.m2e.maven.runtime_3.9.900.20240824-1409
2024-11-11 18:23:16,884 [Worker-21: Launching flightservices] INFO  o.eclipse.m2e.core.internal.Bundles - 	Entry: /home/yajanth/.p2/pool/plugins/org.eclipse.m2e.maven.runtime_3.9.900.20240824-1409/jars/aopalliance-1.0.jar
2024-11-11 18:23:16,885 [Worker-21: Launching flightservices] INFO  o.eclipse.m2e.core.internal.Bundles - 	Entry: /home/yajanth/.p2/pool/plugins/org.eclipse.m2e.maven.runtime_3.9.900.20240824-1409/jars/guice-5.1.0.jar
2024-11-11 18:23:16,885 [Worker-21: Launching flightservices] INFO  o.eclipse.m2e.core.internal.Bundles - 	Entry: /home/yajanth/.p2/pool/plugins/org.eclipse.m2e.maven.runtime_3.9.900.20240824-1409/jars/httpclient-4.5.14.jar
2024-11-11 18:23:16,885 [Worker-21: Launching flightservices] INFO  o.eclipse.m2e.core.internal.Bundles - 	Entry: /home/yajanth/.p2/pool/plugins/org.eclipse.m2e.maven.runtime_3.9.900.20240824-1409/jars/httpcore-4.4.16.jar
2024-11-11 18:23:16,885 [Worker-21: Launching flightservices] INFO  o.eclipse.m2e.core.internal.Bundles - 	Entry: /home/yajanth/.p2/pool/plugins/org.eclipse.m2e.maven.runtime_3.9.900.20240824-1409/jars/jansi-2.4.1.jar
2024-11-11 18:23:16,885 [Worker-21: Launching flightservices] INFO  o.eclipse.m2e.core.internal.Bundles - 	Entry: /home/yajanth/.p2/pool/plugins/org.eclipse.m2e.maven.runtime_3.9.900.20240824-1409/jars/jcl-over-slf4j-1.7.36.jar
2024-11-11 18:23:16,885 [Worker-21: Launching flightservices] INFO  o.eclipse.m2e.core.internal.Bundles - 	Entry: /home/yajanth/.p2/pool/plugins/org.eclipse.m2e.maven.runtime_3.9.900.20240824-1409/jars/maven-artifact-3.9.9.jar
2024-11-11 18:23:16,885 [Worker-21: Launching flightservices] INFO  o.eclipse.m2e.core.internal.Bundles - 	Entry: /home/yajanth/.p2/pool/plugins/org.eclipse.m2e.maven.runtime_3.9.900.20240824-1409/jars/maven-builder-support-3.9.9.jar
2024-11-11 18:23:16,885 [Worker-21: Launching flightservices] INFO  o.eclipse.m2e.core.internal.Bundles - 	Entry: /home/yajanth/.p2/pool/plugins/org.eclipse.m2e.maven.runtime_3.9.900.20240824-1409/jars/maven-compat-3.9.9.jar
2024-11-11 18:23:16,885 [Worker-21: Launching flightservices] INFO  o.eclipse.m2e.core.internal.Bundles - 	Entry: /home/yajanth/.p2/pool/plugins/org.eclipse.m2e.maven.runtime_3.9.900.20240824-1409/jars/maven-core-3.9.9.jar
2024-11-11 18:23:16,885 [Worker-21: Launching flightservices] INFO  o.eclipse.m2e.core.internal.Bundles - 	Entry: /home/yajanth/.p2/pool/plugins/org.eclipse.m2e.maven.runtime_3.9.900.20240824-1409/jars/maven-embedder-3.9.9.jar
2024-11-11 18:23:16,886 [Worker-21: Launching flightservices] INFO  o.eclipse.m2e.core.internal.Bundles - 	Entry: /home/yajanth/.p2/pool/plugins/org.eclipse.m2e.maven.runtime_3.9.900.20240824-1409/jars/maven-model-3.9.9.jar
2024-11-11 18:23:16,886 [Worker-21: Launching flightservices] INFO  o.eclipse.m2e.core.internal.Bundles - 	Entry: /home/yajanth/.p2/pool/plugins/org.eclipse.m2e.maven.runtime_3.9.900.20240824-1409/jars/maven-model-builder-3.9.9.jar
2024-11-11 18:23:16,886 [Worker-21: Launching flightservices] INFO  o.eclipse.m2e.core.internal.Bundles - 	Entry: /home/yajanth/.p2/pool/plugins/org.eclipse.m2e.maven.runtime_3.9.900.20240824-1409/jars/maven-plugin-api-3.9.9.jar
2024-11-11 18:23:16,886 [Worker-21: Launching flightservices] INFO  o.eclipse.m2e.core.internal.Bundles - 	Entry: /home/yajanth/.p2/pool/plugins/org.eclipse.m2e.maven.runtime_3.9.900.20240824-1409/jars/maven-repository-metadata-3.9.9.jar
2024-11-11 18:23:16,886 [Worker-21: Launching flightservices] INFO  o.eclipse.m2e.core.internal.Bundles - 	Entry: /home/yajanth/.p2/pool/plugins/org.eclipse.m2e.maven.runtime_3.9.900.20240824-1409/jars/maven-resolver-api-1.9.22.jar
2024-11-11 18:23:16,886 [Worker-21: Launching flightservices] INFO  o.eclipse.m2e.core.internal.Bundles - 	Entry: /home/yajanth/.p2/pool/plugins/org.eclipse.m2e.maven.runtime_3.9.900.20240824-1409/jars/maven-resolver-connector-basic-1.9.22.jar
2024-11-11 18:23:16,886 [Worker-21: Launching flightservices] INFO  o.eclipse.m2e.core.internal.Bundles - 	Entry: /home/yajanth/.p2/pool/plugins/org.eclipse.m2e.maven.runtime_3.9.900.20240824-1409/jars/maven-resolver-impl-1.9.22.jar
2024-11-11 18:23:16,886 [Worker-21: Launching flightservices] INFO  o.eclipse.m2e.core.internal.Bundles - 	Entry: /home/yajanth/.p2/pool/plugins/org.eclipse.m2e.maven.runtime_3.9.900.20240824-1409/jars/maven-resolver-named-locks-1.9.22.jar
2024-11-11 18:23:16,886 [Worker-21: Launching flightservices] INFO  o.eclipse.m2e.core.internal.Bundles - 	Entry: /home/yajanth/.p2/pool/plugins/org.eclipse.m2e.maven.runtime_3.9.900.20240824-1409/jars/maven-resolver-provider-3.9.9.jar
2024-11-11 18:23:16,886 [Worker-21: Launching flightservices] INFO  o.eclipse.m2e.core.internal.Bundles - 	Entry: /home/yajanth/.p2/pool/plugins/org.eclipse.m2e.maven.runtime_3.9.900.20240824-1409/jars/maven-resolver-spi-1.9.22.jar
2024-11-11 18:23:16,886 [Worker-21: Launching flightservices] INFO  o.eclipse.m2e.core.internal.Bundles - 	Entry: /home/yajanth/.p2/pool/plugins/org.eclipse.m2e.maven.runtime_3.9.900.20240824-1409/jars/maven-resolver-transport-file-1.9.22.jar
2024-11-11 18:23:16,886 [Worker-21: Launching flightservices] INFO  o.eclipse.m2e.core.internal.Bundles - 	Entry: /home/yajanth/.p2/pool/plugins/org.eclipse.m2e.maven.runtime_3.9.900.20240824-1409/jars/maven-resolver-transport-http-1.9.22.jar
2024-11-11 18:23:16,887 [Worker-21: Launching flightservices] INFO  o.eclipse.m2e.core.internal.Bundles - 	Entry: /home/yajanth/.p2/pool/plugins/org.eclipse.m2e.maven.runtime_3.9.900.20240824-1409/jars/maven-resolver-transport-wagon-1.9.22.jar
2024-11-11 18:23:16,887 [Worker-21: Launching flightservices] INFO  o.eclipse.m2e.core.internal.Bundles - 	Entry: /home/yajanth/.p2/pool/plugins/org.eclipse.m2e.maven.runtime_3.9.900.20240824-1409/jars/maven-resolver-util-1.9.22.jar
2024-11-11 18:23:16,887 [Worker-21: Launching flightservices] INFO  o.eclipse.m2e.core.internal.Bundles - 	Entry: /home/yajanth/.p2/pool/plugins/org.eclipse.m2e.maven.runtime_3.9.900.20240824-1409/jars/maven-settings-3.9.9.jar
2024-11-11 18:23:16,887 [Worker-21: Launching flightservices] INFO  o.eclipse.m2e.core.internal.Bundles - 	Entry: /home/yajanth/.p2/pool/plugins/org.eclipse.m2e.maven.runtime_3.9.900.20240824-1409/jars/maven-settings-builder-3.9.9.jar
2024-11-11 18:23:16,887 [Worker-21: Launching flightservices] INFO  o.eclipse.m2e.core.internal.Bundles - 	Entry: /home/yajanth/.p2/pool/plugins/org.eclipse.m2e.maven.runtime_3.9.900.20240824-1409/jars/maven-shared-utils-3.4.2.jar
2024-11-11 18:23:16,887 [Worker-21: Launching flightservices] INFO  o.eclipse.m2e.core.internal.Bundles - 	Entry: /home/yajanth/.p2/pool/plugins/org.eclipse.m2e.maven.runtime_3.9.900.20240824-1409/jars/org.eclipse.sisu.inject-0.9.0.M3.jar
2024-11-11 18:23:16,887 [Worker-21: Launching flightservices] INFO  o.eclipse.m2e.core.internal.Bundles - 	Entry: /home/yajanth/.p2/pool/plugins/org.eclipse.m2e.maven.runtime_3.9.900.20240824-1409/jars/org.eclipse.sisu.plexus-0.9.0.M3.jar
2024-11-11 18:23:16,887 [Worker-21: Launching flightservices] INFO  o.eclipse.m2e.core.internal.Bundles - 	Entry: /home/yajanth/.p2/pool/plugins/org.eclipse.m2e.maven.runtime_3.9.900.20240824-1409/jars/plexus-build-api-0.0.7.jar
2024-11-11 18:23:16,887 [Worker-21: Launching flightservices] INFO  o.eclipse.m2e.core.internal.Bundles - 	Entry: /home/yajanth/.p2/pool/plugins/org.eclipse.m2e.maven.runtime_3.9.900.20240824-1409/jars/plexus-build-api-1.2.0.jar
2024-11-11 18:23:16,887 [Worker-21: Launching flightservices] INFO  o.eclipse.m2e.core.internal.Bundles - 	Entry: /home/yajanth/.p2/pool/plugins/org.eclipse.m2e.maven.runtime_3.9.900.20240824-1409/jars/plexus-cipher-2.0.jar
2024-11-11 18:23:16,888 [Worker-21: Launching flightservices] INFO  o.eclipse.m2e.core.internal.Bundles - 	Entry: /home/yajanth/.p2/pool/plugins/org.eclipse.m2e.maven.runtime_3.9.900.20240824-1409/jars/plexus-classworlds-2.8.0.jar
2024-11-11 18:23:16,888 [Worker-21: Launching flightservices] INFO  o.eclipse.m2e.core.internal.Bundles - 	Entry: /home/yajanth/.p2/pool/plugins/org.eclipse.m2e.maven.runtime_3.9.900.20240824-1409/jars/plexus-component-annotations-2.1.0.jar
2024-11-11 18:23:16,888 [Worker-21: Launching flightservices] INFO  o.eclipse.m2e.core.internal.Bundles - 	Entry: /home/yajanth/.p2/pool/plugins/org.eclipse.m2e.maven.runtime_3.9.900.20240824-1409/jars/plexus-interpolation-1.27.jar
2024-11-11 18:23:16,888 [Worker-21: Launching flightservices] INFO  o.eclipse.m2e.core.internal.Bundles - 	Entry: /home/yajanth/.p2/pool/plugins/org.eclipse.m2e.maven.runtime_3.9.900.20240824-1409/jars/plexus-sec-dispatcher-2.0.jar
2024-11-11 18:23:16,888 [Worker-21: Launching flightservices] INFO  o.eclipse.m2e.core.internal.Bundles - 	Entry: /home/yajanth/.p2/pool/plugins/org.eclipse.m2e.maven.runtime_3.9.900.20240824-1409/jars/plexus-utils-3.5.1.jar
2024-11-11 18:23:16,888 [Worker-21: Launching flightservices] INFO  o.eclipse.m2e.core.internal.Bundles - 	Entry: /home/yajanth/.p2/pool/plugins/org.eclipse.m2e.maven.runtime_3.9.900.20240824-1409/jars/plexus-xml-3.0.1.jar
2024-11-11 18:23:16,888 [Worker-21: Launching flightservices] INFO  o.eclipse.m2e.core.internal.Bundles - 	Entry: /home/yajanth/.p2/pool/plugins/org.eclipse.m2e.maven.runtime_3.9.900.20240824-1409/jars/wagon-file-3.5.3.jar
2024-11-11 18:23:16,888 [Worker-21: Launching flightservices] INFO  o.eclipse.m2e.core.internal.Bundles - 	Entry: /home/yajanth/.p2/pool/plugins/org.eclipse.m2e.maven.runtime_3.9.900.20240824-1409/jars/wagon-http-3.5.3.jar
2024-11-11 18:23:16,888 [Worker-21: Launching flightservices] INFO  o.eclipse.m2e.core.internal.Bundles - 	Entry: /home/yajanth/.p2/pool/plugins/org.eclipse.m2e.maven.runtime_3.9.900.20240824-1409/jars/wagon-http-shared-3.5.3.jar
2024-11-11 18:23:16,888 [Worker-21: Launching flightservices] INFO  o.eclipse.m2e.core.internal.Bundles - 	Entry: /home/yajanth/.p2/pool/plugins/org.eclipse.m2e.maven.runtime_3.9.900.20240824-1409/jars/wagon-provider-api-3.5.3.jar
2024-11-11 18:23:16,888 [Worker-21: Launching flightservices] INFO  o.eclipse.m2e.core.internal.Bundles - getClasspathEntries(Bundle=com.google.guava_33.3.0.jre [10])
2024-11-11 18:23:16,889 [Worker-21: Launching flightservices] INFO  o.eclipse.m2e.core.internal.Bundles - 	Entry: /home/yajanth/.p2/pool/plugins/com.google.guava_33.3.0.jre.jar
2024-11-11 18:23:16,889 [Worker-21: Launching flightservices] INFO  o.eclipse.m2e.core.internal.Bundles - getClasspathEntries(Bundle=slf4j.api_2.0.16 [517])
2024-11-11 18:23:16,889 [Worker-21: Launching flightservices] INFO  o.eclipse.m2e.core.internal.Bundles - 	Entry: /home/yajanth/.p2/pool/plugins/slf4j.api_2.0.16.jar
2024-11-11 18:23:16,889 [Worker-21: Launching flightservices] INFO  o.eclipse.m2e.core.internal.Bundles - getClasspathEntries(Bundle=jakarta.inject.jakarta.inject-api_1.0.5 [22])
2024-11-11 18:23:16,889 [Worker-21: Launching flightservices] INFO  o.eclipse.m2e.core.internal.Bundles - 	Entry: /home/yajanth/.p2/pool/plugins/jakarta.inject.jakarta.inject-api_1.0.5.jar
2024-11-11 18:23:16,889 [Worker-21: Launching flightservices] INFO  o.eclipse.m2e.core.internal.Bundles - getClasspathEntries(Bundle=jakarta.annotation-api_1.3.5 [20])
2024-11-11 18:23:16,889 [Worker-21: Launching flightservices] INFO  o.eclipse.m2e.core.internal.Bundles - 	Entry: /home/yajanth/.p2/pool/plugins/jakarta.annotation-api_1.3.5.jar
2024-11-11 18:23:16,889 [Worker-21: Launching flightservices] INFO  o.eclipse.m2e.core.internal.Bundles - getClasspathEntries(Bundle=org.apache.commons.cli_1.9.0 [47])
2024-11-11 18:23:16,889 [Worker-21: Launching flightservices] INFO  o.eclipse.m2e.core.internal.Bundles - 	Entry: /home/yajanth/.p2/pool/plugins/org.apache.commons.cli_1.9.0.jar
2024-11-11 18:23:16,889 [Worker-21: Launching flightservices] INFO  o.eclipse.m2e.core.internal.Bundles - getClasspathEntries(Bundle=org.apache.commons.commons-codec_1.16.0 [50])
2024-11-11 18:23:16,889 [Worker-21: Launching flightservices] INFO  o.eclipse.m2e.core.internal.Bundles - 	Entry: /home/yajanth/.p2/pool/plugins/org.apache.commons.commons-codec_1.16.0.jar
2024-11-11 18:23:16,889 [Worker-21: Launching flightservices] INFO  o.eclipse.m2e.core.internal.Bundles - getClasspathEntries(Bundle=com.google.guava.failureaccess_1.0.2 [11])
2024-11-11 18:23:16,889 [Worker-21: Launching flightservices] INFO  o.eclipse.m2e.core.internal.Bundles - 	Entry: /home/yajanth/.p2/pool/plugins/com.google.guava.failureaccess_1.0.2.jar
2024-11-11 18:23:16,890 [Worker-21: Launching flightservices] INFO  o.e.m.i.launch.MavenLaunchDelegate - Run build in "/home/yajanth/Downloads/CDN_flightService/flightservices":
2024-11-11 18:23:16,891 [Worker-21: Launching flightservices] INFO  o.e.m.i.launch.MavenLaunchDelegate -  mvn  -B -Dstyle.color=always compile
2024-11-11 18:25:49,702 [Worker-14: Building] INFO  o.a.m.s.f.DefaultMavenResourcesFiltering - Copying 0 resource from src/main/resources to target/classes
2024-11-11 18:25:49,704 [Worker-14: Building] INFO  o.a.m.s.f.DefaultMavenResourcesFiltering - Copying 0 resource from src/main/resources to target/classes
2024-11-11 18:25:49,712 [Worker-14: Building] INFO  o.a.m.s.f.DefaultMavenResourcesFiltering - skip non existing resourceDirectory /home/yajanth/Downloads/CDN_flightService/flightservices/src/test/resources
2024-11-11 18:51:55,617 [Worker-14: Building] INFO  o.a.m.s.f.DefaultMavenResourcesFiltering - Copying 0 resource from src/main/resources to target/classes
2024-11-11 18:51:55,618 [Worker-14: Building] INFO  o.a.m.s.f.DefaultMavenResourcesFiltering - Copying 0 resource from src/main/resources to target/classes
2024-11-11 18:51:55,624 [Worker-14: Building] INFO  o.a.m.s.f.DefaultMavenResourcesFiltering - skip non existing resourceDirectory /home/yajanth/Downloads/CDN_flightService/flightservices/src/test/resources
2024-11-11 18:53:48,579 [Worker-24: Building] INFO  o.a.m.s.f.DefaultMavenResourcesFiltering - Copying 0 resource from src/main/resources to target/classes
2024-11-11 18:53:48,580 [Worker-24: Building] INFO  o.a.m.s.f.DefaultMavenResourcesFiltering - Copying 0 resource from src/main/resources to target/classes
2024-11-11 18:53:48,586 [Worker-24: Building] INFO  o.a.m.s.f.DefaultMavenResourcesFiltering - skip non existing resourceDirectory /home/yajanth/Downloads/CDN_flightService/flightservices/src/test/resources
2024-11-11 18:55:40,907 [Worker-1: Building] INFO  o.a.m.s.f.DefaultMavenResourcesFiltering - Copying 0 resource from src/main/resources to target/classes
2024-11-11 18:55:40,908 [Worker-1: Building] INFO  o.a.m.s.f.DefaultMavenResourcesFiltering - Copying 0 resource from src/main/resources to target/classes
2024-11-11 18:55:40,914 [Worker-1: Building] INFO  o.a.m.s.f.DefaultMavenResourcesFiltering - skip non existing resourceDirectory /home/yajanth/Downloads/CDN_flightService/flightservices/src/test/resources
2024-11-11 18:57:15,282 [Worker-26: Building] INFO  o.a.m.s.f.DefaultMavenResourcesFiltering - Copying 0 resource from src/main/resources to target/classes
2024-11-11 18:57:15,283 [Worker-26: Building] INFO  o.a.m.s.f.DefaultMavenResourcesFiltering - Copying 0 resource from src/main/resources to target/classes
2024-11-11 18:57:15,288 [Worker-26: Building] INFO  o.a.m.s.f.DefaultMavenResourcesFiltering - skip non existing resourceDirectory /home/yajanth/Downloads/CDN_flightService/flightservices/src/test/resources
2024-11-11 18:58:03,877 [Worker-26: Building] INFO  o.a.m.s.f.DefaultMavenResourcesFiltering - Copying 0 resource from src/main/resources to target/classes
2024-11-11 18:58:03,878 [Worker-26: Building] INFO  o.a.m.s.f.DefaultMavenResourcesFiltering - Copying 0 resource from src/main/resources to target/classes
2024-11-11 18:58:03,884 [Worker-26: Building] INFO  o.a.m.s.f.DefaultMavenResourcesFiltering - skip non existing resourceDirectory /home/yajanth/Downloads/CDN_flightService/flightservices/src/test/resources
2024-11-11 18:58:26,062 [Worker-24: Building] INFO  o.a.m.s.f.DefaultMavenResourcesFiltering - Copying 0 resource from src/main/resources to target/classes
2024-11-11 18:58:26,062 [Worker-24: Building] INFO  o.a.m.s.f.DefaultMavenResourcesFiltering - Copying 0 resource from src/main/resources to target/classes
2024-11-11 18:58:26,066 [Worker-24: Building] INFO  o.a.m.s.f.DefaultMavenResourcesFiltering - skip non existing resourceDirectory /home/yajanth/Downloads/CDN_flightService/flightservices/src/test/resources
2024-11-11 18:58:31,666 [Worker-24: Building] INFO  o.a.m.s.f.DefaultMavenResourcesFiltering - Copying 0 resource from src/main/resources to target/classes
2024-11-11 18:58:31,667 [Worker-24: Building] INFO  o.a.m.s.f.DefaultMavenResourcesFiltering - Copying 0 resource from src/main/resources to target/classes
2024-11-11 18:58:31,671 [Worker-24: Building] INFO  o.a.m.s.f.DefaultMavenResourcesFiltering - skip non existing resourceDirectory /home/yajanth/Downloads/CDN_flightService/flightservices/src/test/resources
2024-11-11 18:58:51,498 [Worker-1: Building] INFO  o.a.m.s.f.DefaultMavenResourcesFiltering - Copying 0 resource from src/main/resources to target/classes
2024-11-11 18:58:51,499 [Worker-1: Building] INFO  o.a.m.s.f.DefaultMavenResourcesFiltering - Copying 0 resource from src/main/resources to target/classes
2024-11-11 18:58:51,504 [Worker-1: Building] INFO  o.a.m.s.f.DefaultMavenResourcesFiltering - skip non existing resourceDirectory /home/yajanth/Downloads/CDN_flightService/flightservices/src/test/resources
2024-11-11 19:00:02,061 [Worker-14: Building] INFO  o.a.m.s.f.DefaultMavenResourcesFiltering - Copying 0 resource from src/main/resources to target/classes
2024-11-11 19:00:02,062 [Worker-14: Building] INFO  o.a.m.s.f.DefaultMavenResourcesFiltering - Copying 0 resource from src/main/resources to target/classes
2024-11-11 19:00:02,067 [Worker-14: Building] INFO  o.a.m.s.f.DefaultMavenResourcesFiltering - skip non existing resourceDirectory /home/yajanth/Downloads/CDN_flightService/flightservices/src/test/resources
2024-11-11 19:04:58,055 [Worker-26: Building] INFO  o.a.m.s.f.DefaultMavenResourcesFiltering - Copying 0 resource from src/main/resources to target/classes
2024-11-11 19:04:58,055 [Worker-26: Building] INFO  o.a.m.s.f.DefaultMavenResourcesFiltering - Copying 0 resource from src/main/resources to target/classes
2024-11-11 19:04:58,061 [Worker-26: Building] INFO  o.a.m.s.f.DefaultMavenResourcesFiltering - skip non existing resourceDirectory /home/yajanth/Downloads/CDN_flightService/flightservices/src/test/resources
2024-11-11 19:05:15,568 [Worker-14: Building] INFO  o.a.m.s.f.DefaultMavenResourcesFiltering - Copying 0 resource from src/main/resources to target/classes
2024-11-11 19:05:15,569 [Worker-14: Building] INFO  o.a.m.s.f.DefaultMavenResourcesFiltering - Copying 0 resource from src/main/resources to target/classes
2024-11-11 19:05:15,574 [Worker-14: Building] INFO  o.a.m.s.f.DefaultMavenResourcesFiltering - skip non existing resourceDirectory /home/yajanth/Downloads/CDN_flightService/flightservices/src/test/resources
2024-11-11 19:05:30,782 [Worker-27: Building] INFO  o.a.m.s.f.DefaultMavenResourcesFiltering - Copying 0 resource from src/main/resources to target/classes
2024-11-11 19:05:30,783 [Worker-27: Building] INFO  o.a.m.s.f.DefaultMavenResourcesFiltering - Copying 0 resource from src/main/resources to target/classes
2024-11-11 19:05:30,788 [Worker-27: Building] INFO  o.a.m.s.f.DefaultMavenResourcesFiltering - skip non existing resourceDirectory /home/yajanth/Downloads/CDN_flightService/flightservices/src/test/resources
2024-11-11 19:06:52,613 [Worker-1: Building] INFO  o.a.m.s.f.DefaultMavenResourcesFiltering - Copying 0 resource from src/main/resources to target/classes
2024-11-11 19:06:52,614 [Worker-1: Building] INFO  o.a.m.s.f.DefaultMavenResourcesFiltering - Copying 0 resource from src/main/resources to target/classes
2024-11-11 19:06:52,619 [Worker-1: Building] INFO  o.a.m.s.f.DefaultMavenResourcesFiltering - skip non existing resourceDirectory /home/yajanth/Downloads/CDN_flightService/flightservices/src/test/resources
2024-11-11 19:07:46,424 [Worker-1: Building] INFO  o.a.m.s.f.DefaultMavenResourcesFiltering - Copying 0 resource from src/main/resources to target/classes
2024-11-11 19:07:46,425 [Worker-1: Building] INFO  o.a.m.s.f.DefaultMavenResourcesFiltering - Copying 0 resource from src/main/resources to target/classes
2024-11-11 19:07:46,430 [Worker-1: Building] INFO  o.a.m.s.f.DefaultMavenResourcesFiltering - skip non existing resourceDirectory /home/yajanth/Downloads/CDN_flightService/flightservices/src/test/resources
2024-11-11 19:35:13,182 [Worker-28: Building] INFO  o.a.m.s.f.DefaultMavenResourcesFiltering - Copying 0 resource from src/main/resources to target/classes
2024-11-11 19:35:13,183 [Worker-28: Building] INFO  o.a.m.s.f.DefaultMavenResourcesFiltering - Copying 0 resource from src/main/resources to target/classes
2024-11-11 19:35:13,189 [Worker-28: Building] INFO  o.a.m.s.f.DefaultMavenResourcesFiltering - skip non existing resourceDirectory /home/yajanth/Downloads/CDN_flightService/flightservices/src/test/resources
2024-11-11 19:35:51,437 [Worker-29: Building] INFO  o.a.m.s.f.DefaultMavenResourcesFiltering - Copying 0 resource from src/main/resources to target/classes
2024-11-11 19:35:51,438 [Worker-29: Building] INFO  o.a.m.s.f.DefaultMavenResourcesFiltering - Copying 0 resource from src/main/resources to target/classes
2024-11-11 19:35:51,443 [Worker-29: Building] INFO  o.a.m.s.f.DefaultMavenResourcesFiltering - skip non existing resourceDirectory /home/yajanth/Downloads/CDN_flightService/flightservices/src/test/resources
2024-11-11 19:36:07,250 [Worker-28: Building] INFO  o.a.m.s.f.DefaultMavenResourcesFiltering - Copying 0 resource from src/main/resources to target/classes
2024-11-11 19:36:07,251 [Worker-28: Building] INFO  o.a.m.s.f.DefaultMavenResourcesFiltering - Copying 0 resource from src/main/resources to target/classes
2024-11-11 19:36:07,256 [Worker-28: Building] INFO  o.a.m.s.f.DefaultMavenResourcesFiltering - skip non existing resourceDirectory /home/yajanth/Downloads/CDN_flightService/flightservices/src/test/resources
2024-11-11 19:37:21,688 [Worker-1: Building] INFO  o.a.m.s.f.DefaultMavenResourcesFiltering - Copying 0 resource from src/main/resources to target/classes
2024-11-11 19:37:21,689 [Worker-1: Building] INFO  o.a.m.s.f.DefaultMavenResourcesFiltering - Copying 0 resource from src/main/resources to target/classes
2024-11-11 19:37:21,694 [Worker-1: Building] INFO  o.a.m.s.f.DefaultMavenResourcesFiltering - skip non existing resourceDirectory /home/yajanth/Downloads/CDN_flightService/flightservices/src/test/resources
2024-11-11 23:03:31,653 [Worker-6: Loading available Gradle versions] INFO  o.e.b.c.i.u.g.PublishedGradleVersions - Gradle version information cache is out-of-date. Trying to update.
2024-11-11 23:03:32,230 [Worker-6: Loading available Gradle versions] INFO  o.e.b.c.i.u.g.PublishedGradleVersions - Updating Gradle version information cache failed. Using outdated cache.
2024-11-18 07:46:44,564 [Worker-2: Loading available Gradle versions] INFO  o.e.b.c.i.u.g.PublishedGradleVersions - Gradle version information cache is out-of-date. Trying to update.
2024-11-18 07:46:50,828 [Worker-3: Building] WARN  o.e.m.c.i.embedder.EclipseLogger - The artifact mysql:mysql-connector-java:jar:8.0.33 has been relocated to com.mysql:mysql-connector-j:jar:8.0.33: MySQL Connector/J artifacts moved to reverse-DNS compliant Maven 2+ coordinates.
2024-11-18 07:46:51,496 [Worker-3: Building] INFO  o.a.m.s.f.DefaultMavenResourcesFiltering - Copying 1 resource from src/main/resources to target/classes
2024-11-18 07:46:51,529 [Worker-3: Building] INFO  o.a.m.s.f.DefaultMavenResourcesFiltering - Copying 0 resource from src/main/resources to target/classes
2024-11-18 07:46:51,538 [Worker-3: Building] INFO  o.a.m.s.f.DefaultMavenResourcesFiltering - skip non existing resourceDirectory /home/yajanth/Downloads/CDN_flightService/flightservices/src/test/resources
2024-11-18 20:36:57,967 [Worker-4: Loading available Gradle versions] INFO  o.e.b.c.i.u.g.PublishedGradleVersions - Gradle version information cache is up-to-date. Trying to read.
2024-11-18 20:50:08,586 [Worker-13: reload maven project] WARN  o.e.m.c.i.embedder.EclipseLogger - The artifact mysql:mysql-connector-java:jar:8.0.33 has been relocated to com.mysql:mysql-connector-j:jar:8.0.33: MySQL Connector/J artifacts moved to reverse-DNS compliant Maven 2+ coordinates.
